<?xml version="1.0" encoding="UTF-8"?>
<testsuite name="ru.stqa.pft.addressbook.GroupCreationTests" tests="1" skipped="0" failures="0" errors="0" timestamp="2022-01-29T12:29:08" hostname="DESKTOP-HIQS46T" time="0.452">
  <properties/>
  <testcase name="testGroupCreation" classname="ru.stqa.pft.addressbook.GroupCreationTests" time="0.452"/>
  <system-out><![CDATA[]]></system-out>
  <system-err><![CDATA[1643459345071	geckodriver	INFO	Listening on 127.0.0.1:50260
1643459345799	mozrunner::runner	INFO	Running command: "C:\\Program Files\\Mozilla Firefox\\firefox.exe" "--marionette" "--remote-debugging-port" "49855" "-no-remote" "-profile" "C:\\Users\\Null\\AppData\\Local\\Temp\\rust_mozprofilehuaSZW"
1643459346001	Marionette	INFO	Marionette enabled
console.warn: SearchSettings: "get: No settings file exists, new profile?" (new NotFoundError("Could not open the file at C:\\Users\\Null\\AppData\\Local\\Temp\\rust_mozprofilehuaSZW\\search.json.mozlz4", (void 0)))
DevTools listening on ws://localhost:49855/devtools/browser/7889a500-97bb-48b9-83ea-4fdb31f6876d
1643459347501	Marionette	INFO	Listening on port 62398
1643459347835	RemoteAgent	WARN	TLS certificate errors will be ignored for this session
янв 29, 2022 3:29:07 PM org.openqa.selenium.remote.ProtocolHandshake createSession
INFO: Detected dialect: W3C
console.warn: LoginRecipes: "getRecipes: falling back to a synchronous message for:" "http://localhost"
console.warn: LoginRecipes: "getRecipes: falling back to a synchronous message for:" "http://localhost"
JavaScript error: resource://gre/modules/LoginManagerParent.jsm, line 136: TypeError: gRecipeManager is null
console.warn: LoginRecipes: "getRecipes: falling back to a synchronous message for:" "http://localhost"
JavaScript error: resource://gre/modules/LoginManagerParent.jsm, line 136: TypeError: gRecipeManager is null
console.warn: LoginRecipes: "getRecipes: falling back to a synchronous message for:" "http://localhost"
JavaScript error: resource://gre/modules/LoginManagerParent.jsm, line 136: TypeError: gRecipeManager is null
console.warn: LoginRecipes: "getRecipes: falling back to a synchronous message for:" "http://localhost"
JavaScript error: resource://gre/modules/LoginManagerParent.jsm, line 136: TypeError: gRecipeManager is null
console.warn: LoginRecipes: "getRecipes: falling back to a synchronous message for:" "http://localhost"
JavaScript error: resource://gre/modules/LoginManagerParent.jsm, line 136: TypeError: gRecipeManager is null
console.warn: LoginRecipes: "getRecipes: falling back to a synchronous message for:" "http://localhost"
JavaScript error: resource://gre/modules/LoginManagerParent.jsm, line 136: TypeError: gRecipeManager is null
console.warn: LoginRecipes: "getRecipes: falling back to a synchronous message for:" "http://localhost"
JavaScript error: resource://gre/modules/LoginManagerParent.jsm, line 136: TypeError: gRecipeManager is null
1643459348801	Marionette	INFO	Stopped listening on port 62398

###!!! [Parent][RunMessage] Error: Channel closing: too late to send/recv, messages will be lost

]]></system-err>
</testsuite>
